<?xml version="1.0" encoding="UTF-8"?>
<testng-results skipped="0" failed="0" ignored="0" total="1" passed="1">
  <reporter-output>
  </reporter-output>
  <suite name="Default suite" duration-ms="274" started-at="2017-02-25T19:05:16Z" finished-at="2017-02-25T19:05:17Z">
    <groups>
    </groups>
    <test name="Default test" duration-ms="274" started-at="2017-02-25T19:05:16Z" finished-at="2017-02-25T19:05:17Z">
      <class name="com.reflection.ReflectionTest">
        <test-method status="PASS" signature="findAllPackages()[pri:0, instance:com.reflection.ReflectionTest@5ae9a829]" name="findAllPackages" duration-ms="252" started-at="2017-02-26T00:35:16Z" finished-at="2017-02-26T00:35:17Z">
          <reporter-output>
          </reporter-output>
        </test-method> <!-- findAllPackages -->
      </class> <!-- com.reflection.ReflectionTest -->
    </test> <!-- Default test -->
  </suite> <!-- Default suite -->
</testng-results>
